Started GET "/" for ::1 at 2017-03-30 23:00:24 -0700
  [1m[36mActiveRecord::SchemaMigration Load (0.4ms)[0m  [1m[34mSELECT "schema_migrations".* FROM "schema_migrations"[0m
Processing by PagesController#home as HTML
  [1m[36mRecipe Load (0.4ms)[0m  [1m[34mSELECT  "recipes".* FROM "recipes" WHERE "recipes"."category" = $1 ORDER BY "recipes"."id" DESC LIMIT $2[0m  [["category", "entrees"], ["LIMIT", 5]]
  [1m[36mRecipe Load (1.0ms)[0m  [1m[34mSELECT  "recipes".* FROM "recipes" WHERE "recipes"."category" = $1 ORDER BY "recipes"."id" DESC LIMIT $2[0m  [["category", "appetizers"], ["LIMIT", 5]]
  [1m[36mRecipe Load (0.2ms)[0m  [1m[34mSELECT  "recipes".* FROM "recipes" WHERE "recipes"."category" = $1 ORDER BY "recipes"."id" DESC LIMIT $2[0m  [["category", "salads"], ["LIMIT", 5]]
  [1m[36mRecipe Load (0.2ms)[0m  [1m[34mSELECT  "recipes".* FROM "recipes" WHERE "recipes"."category" = $1 ORDER BY "recipes"."id" DESC LIMIT $2[0m  [["category", "desserts"], ["LIMIT", 5]]
  Rendering pages/home.html.erb within layouts/application
  Rendered pages/home.html.erb within layouts/application (3.5ms)
  [1m[36mUser Load (0.4ms)[0m  [1m[34mSELECT  "users".* FROM "users" WHERE "users"."id" = $1 LIMIT $2[0m  [["id", 65], ["LIMIT", 1]]
Completed 200 OK in 447ms (Views: 408.6ms | ActiveRecord: 7.9ms)


Started GET "/" for ::1 at 2017-03-30 23:00:26 -0700
Processing by PagesController#home as HTML
  [1m[36mRecipe Load (1.0ms)[0m  [1m[34mSELECT  "recipes".* FROM "recipes" WHERE "recipes"."category" = $1 ORDER BY "recipes"."id" DESC LIMIT $2[0m  [["category", "entrees"], ["LIMIT", 5]]
  [1m[36mRecipe Load (0.4ms)[0m  [1m[34mSELECT  "recipes".* FROM "recipes" WHERE "recipes"."category" = $1 ORDER BY "recipes"."id" DESC LIMIT $2[0m  [["category", "appetizers"], ["LIMIT", 5]]
  [1m[36mRecipe Load (0.5ms)[0m  [1m[34mSELECT  "recipes".* FROM "recipes" WHERE "recipes"."category" = $1 ORDER BY "recipes"."id" DESC LIMIT $2[0m  [["category", "salads"], ["LIMIT", 5]]
  [1m[36mRecipe Load (0.4ms)[0m  [1m[34mSELECT  "recipes".* FROM "recipes" WHERE "recipes"."category" = $1 ORDER BY "recipes"."id" DESC LIMIT $2[0m  [["category", "desserts"], ["LIMIT", 5]]
  Rendering pages/home.html.erb within layouts/application
  Rendered pages/home.html.erb within layouts/application (1.2ms)
  [1m[36mUser Load (0.4ms)[0m  [1m[34mSELECT  "users".* FROM "users" WHERE "users"."id" = $1 LIMIT $2[0m  [["id", 65], ["LIMIT", 1]]
Completed 200 OK in 91ms (Views: 80.8ms | ActiveRecord: 3.1ms)


Started GET "/" for ::1 at 2017-03-30 23:00:28 -0700
Processing by PagesController#home as HTML
  [1m[36mRecipe Load (0.7ms)[0m  [1m[34mSELECT  "recipes".* FROM "recipes" WHERE "recipes"."category" = $1 ORDER BY "recipes"."id" DESC LIMIT $2[0m  [["category", "entrees"], ["LIMIT", 5]]
  [1m[36mRecipe Load (0.3ms)[0m  [1m[34mSELECT  "recipes".* FROM "recipes" WHERE "recipes"."category" = $1 ORDER BY "recipes"."id" DESC LIMIT $2[0m  [["category", "appetizers"], ["LIMIT", 5]]
  [1m[36mRecipe Load (0.3ms)[0m  [1m[34mSELECT  "recipes".* FROM "recipes" WHERE "recipes"."category" = $1 ORDER BY "recipes"."id" DESC LIMIT $2[0m  [["category", "salads"], ["LIMIT", 5]]
  [1m[36mRecipe Load (0.6ms)[0m  [1m[34mSELECT  "recipes".* FROM "recipes" WHERE "recipes"."category" = $1 ORDER BY "recipes"."id" DESC LIMIT $2[0m  [["category", "desserts"], ["LIMIT", 5]]
  Rendering pages/home.html.erb within layouts/application
  Rendered pages/home.html.erb within layouts/application (3.1ms)
  [1m[36mUser Load (0.3ms)[0m  [1m[34mSELECT  "users".* FROM "users" WHERE "users"."id" = $1 LIMIT $2[0m  [["id", 65], ["LIMIT", 1]]
Completed 200 OK in 82ms (Views: 71.9ms | ActiveRecord: 2.2ms)


Started GET "/menus" for ::1 at 2017-03-30 23:00:29 -0700
Processing by MenusController#index as HTML
  Rendering menus/index.html.erb within layouts/application
  [1m[36mRecipe Load (1.9ms)[0m  [1m[34mSELECT "recipes".* FROM "recipes" WHERE "recipes"."category" = $1[0m  [["category", "appetizers"]]
  [1m[36mRating Load (0.3ms)[0m  [1m[34mSELECT "ratings".* FROM "ratings" WHERE "ratings"."recipe_id" = $1[0m  [["recipe_id", 10]]
  [1m[36mRating Load (0.2ms)[0m  [1m[34mSELECT "ratings".* FROM "ratings" WHERE "ratings"."recipe_id" = $1[0m  [["recipe_id", 19]]
  [1m[36mRating Load (0.2ms)[0m  [1m[34mSELECT "ratings".* FROM "ratings" WHERE "ratings"."recipe_id" = $1[0m  [["recipe_id", 20]]
  [1m[36mRating Load (0.2ms)[0m  [1m[34mSELECT "ratings".* FROM "ratings" WHERE "ratings"."recipe_id" = $1[0m  [["recipe_id", 26]]
  [1m[36mRating Load (0.2ms)[0m  [1m[34mSELECT "ratings".* FROM "ratings" WHERE "ratings"."recipe_id" = $1[0m  [["recipe_id", 31]]
  [1m[36mRating Load (0.2ms)[0m  [1m[34mSELECT "ratings".* FROM "ratings" WHERE "ratings"."recipe_id" = $1[0m  [["recipe_id", 36]]
  [1m[36mRating Load (0.1ms)[0m  [1m[34mSELECT "ratings".* FROM "ratings" WHERE "ratings"."recipe_id" = $1[0m  [["recipe_id", 37]]
  [1m[36mRating Load (0.2ms)[0m  [1m[34mSELECT "ratings".* FROM "ratings" WHERE "ratings"."recipe_id" = $1[0m  [["recipe_id", 38]]
  [1m[36mRating Load (0.1ms)[0m  [1m[34mSELECT "ratings".* FROM "ratings" WHERE "ratings"."recipe_id" = $1[0m  [["recipe_id", 42]]
  [1m[36mRecipe Load (0.2ms)[0m  [1m[34mSELECT "recipes".* FROM "recipes" WHERE "recipes"."category" = $1[0m  [["category", "salads"]]
  [1m[36mRecipe Load (0.2ms)[0m  [1m[34mSELECT "recipes".* FROM "recipes" WHERE "recipes"."category" = $1[0m  [["category", "entrees"]]
  [1m[36mRecipe Load (0.2ms)[0m  [1m[34mSELECT "recipes".* FROM "recipes" WHERE "recipes"."category" = $1[0m  [["category", "desserts"]]
  Rendered menus/index.html.erb within layouts/application (58.8ms)
  [1m[36mUser Load (0.2ms)[0m  [1m[34mSELECT  "users".* FROM "users" WHERE "users"."id" = $1 LIMIT $2[0m  [["id", 65], ["LIMIT", 1]]
Completed 200 OK in 106ms (Views: 97.0ms | ActiveRecord: 6.6ms)


Started GET "/users/65" for ::1 at 2017-03-30 23:00:36 -0700
Processing by UsersController#show as HTML
  Parameters: {"id"=>"65"}
  [1m[36mUser Load (0.3ms)[0m  [1m[34mSELECT  "users".* FROM "users" WHERE "users"."id" = $1 LIMIT $2[0m  [["id", 65], ["LIMIT", 1]]
  Rendering users/show.html.erb within layouts/application
  [1m[36mRecipe Load (0.3ms)[0m  [1m[34mSELECT "recipes".* FROM "recipes" WHERE "recipes"."user_id" = $1[0m  [["user_id", 65]]
  Rendered users/show.html.erb within layouts/application (8.3ms)
  [1m[36mUser Load (0.3ms)[0m  [1m[34mSELECT  "users".* FROM "users" WHERE "users"."id" = $1 LIMIT $2[0m  [["id", 65], ["LIMIT", 1]]
Completed 200 OK in 65ms (Views: 57.7ms | ActiveRecord: 0.8ms)


Started GET "/logout" for ::1 at 2017-03-30 23:00:38 -0700
Processing by SessionsController#destroy as HTML
Redirected to http://localhost:3000/
Completed 302 Found in 1ms (ActiveRecord: 0.0ms)


Started GET "/" for ::1 at 2017-03-30 23:00:38 -0700
Processing by PagesController#home as HTML
  [1m[36mRecipe Load (0.6ms)[0m  [1m[34mSELECT  "recipes".* FROM "recipes" WHERE "recipes"."category" = $1 ORDER BY "recipes"."id" DESC LIMIT $2[0m  [["category", "entrees"], ["LIMIT", 5]]
  [1m[36mRecipe Load (0.4ms)[0m  [1m[34mSELECT  "recipes".* FROM "recipes" WHERE "recipes"."category" = $1 ORDER BY "recipes"."id" DESC LIMIT $2[0m  [["category", "appetizers"], ["LIMIT", 5]]
  [1m[36mRecipe Load (0.3ms)[0m  [1m[34mSELECT  "recipes".* FROM "recipes" WHERE "recipes"."category" = $1 ORDER BY "recipes"."id" DESC LIMIT $2[0m  [["category", "salads"], ["LIMIT", 5]]
  [1m[36mRecipe Load (0.7ms)[0m  [1m[34mSELECT  "recipes".* FROM "recipes" WHERE "recipes"."category" = $1 ORDER BY "recipes"."id" DESC LIMIT $2[0m  [["category", "desserts"], ["LIMIT", 5]]
  Rendering pages/home.html.erb within layouts/application
  Rendered pages/home.html.erb within layouts/application (3.4ms)
Completed 200 OK in 72ms (Views: 61.7ms | ActiveRecord: 2.0ms)


